<?xml version="1.0" encoding="UTF-8"?>
<coverage generated="1572008325192" clover="3.2.0">
  <project timestamp="1572008325192" name="All files">
    <metrics statements="156" coveredstatements="122" conditionals="66" coveredconditionals="47" methods="43" coveredmethods="35" elements="265" coveredelements="204" complexity="0" loc="156" ncloc="156" packages="4" files="5" classes="5"/>
    <package name="components.Picross.Hints">
      <metrics statements="29" coveredstatements="17" conditionals="12" coveredconditionals="6" methods="6" coveredmethods="3"/>
      <file name="Hints.model.ts" path="C:\Users\aife\IdeaProjects\picross\src\components\Picross\Hints\Hints.model.ts">
        <metrics statements="29" coveredstatements="17" conditionals="12" coveredconditionals="6" methods="6" coveredmethods="3"/>
        <line num="2" count="1" type="stmt"/>
        <line num="9" count="120" type="stmt"/>
        <line num="15" count="0" type="stmt"/>
        <line num="19" count="80" type="stmt"/>
        <line num="20" count="80" type="stmt"/>
        <line num="24" count="0" type="stmt"/>
        <line num="25" count="0" type="stmt"/>
        <line num="26" count="0" type="cond" truecount="0" falsecount="2"/>
        <line num="29" count="0" type="cond" truecount="0" falsecount="2"/>
        <line num="30" count="0" type="stmt"/>
        <line num="32" count="0" type="stmt"/>
        <line num="37" count="0" type="stmt"/>
        <line num="38" count="0" type="cond" truecount="0" falsecount="2"/>
        <line num="39" count="0" type="stmt"/>
        <line num="40" count="0" type="stmt"/>
        <line num="43" count="0" type="stmt"/>
        <line num="47" count="80" type="stmt"/>
        <line num="48" count="80" type="stmt"/>
        <line num="49" count="80" type="stmt"/>
        <line num="51" count="80" type="stmt"/>
        <line num="52" count="1600" type="cond" truecount="2" falsecount="0"/>
        <line num="53" count="80" type="stmt"/>
        <line num="54" count="80" type="stmt"/>
        <line num="56" count="1520" type="cond" truecount="2" falsecount="0"/>
        <line num="57" count="76" type="stmt"/>
        <line num="58" count="76" type="stmt"/>
        <line num="62" count="80" type="cond" truecount="2" falsecount="0"/>
        <line num="63" count="4" type="stmt"/>
        <line num="66" count="80" type="stmt"/>
      </file>
    </package>
    <package name="model.Game">
      <metrics statements="97" coveredstatements="89" conditionals="48" coveredconditionals="39" methods="29" coveredmethods="27"/>
      <file name="GameGrid.model.ts" path="C:\Users\aife\IdeaProjects\picross\src\model\Game\GameGrid.model.ts">
        <metrics statements="17" coveredstatements="16" conditionals="4" coveredconditionals="4" methods="4" coveredmethods="3"/>
        <line num="1" count="2" type="stmt"/>
        <line num="2" count="2" type="stmt"/>
        <line num="7" count="3" type="stmt"/>
        <line num="11" count="1" type="stmt"/>
        <line num="12" count="1" type="stmt"/>
        <line num="14" count="1" type="stmt"/>
        <line num="15" count="20" type="stmt"/>
        <line num="16" count="20" type="stmt"/>
        <line num="17" count="380" type="cond" truecount="2" falsecount="0"/>
        <line num="21" count="1" type="stmt"/>
        <line num="25" count="1" type="stmt"/>
        <line num="26" count="1" type="stmt"/>
        <line num="27" count="20" type="stmt"/>
        <line num="28" count="20" type="stmt"/>
        <line num="29" count="380" type="cond" truecount="2" falsecount="0"/>
        <line num="33" count="1" type="stmt"/>
        <line num="37" count="0" type="stmt"/>
      </file>
      <file name="Grid.ts" path="C:\Users\aife\IdeaProjects\picross\src\model\Game\Grid.ts">
        <metrics statements="80" coveredstatements="73" conditionals="44" coveredconditionals="35" methods="25" coveredmethods="24"/>
        <line num="2" count="3" type="stmt"/>
        <line num="3" count="3" type="stmt"/>
        <line num="5" count="3" type="cond" truecount="2" falsecount="0"/>
        <line num="6" count="3" type="stmt"/>
        <line num="7" count="3" type="stmt"/>
        <line num="15" count="20" type="stmt"/>
        <line num="19" count="32" type="stmt"/>
        <line num="20" count="32" type="stmt"/>
        <line num="21" count="32" type="stmt"/>
        <line num="25" count="320" type="cond" truecount="1" falsecount="1"/>
        <line num="29" count="4298" type="stmt"/>
        <line num="33" count="2" type="cond" truecount="2" falsecount="0"/>
        <line num="34" count="1" type="stmt"/>
        <line num="35" count="1" type="cond" truecount="1" falsecount="1"/>
        <line num="36" count="1" type="stmt"/>
        <line num="38" count="0" type="stmt"/>
        <line num="43" count="36" type="stmt"/>
        <line num="44" count="36" type="stmt"/>
        <line num="48" count="41" type="stmt"/>
        <line num="50" count="41" type="stmt"/>
        <line num="51" count="754" type="cond" truecount="2" falsecount="0"/>
        <line num="52" count="609" type="stmt"/>
        <line num="54" count="145" type="stmt"/>
        <line num="60" count="609" type="cond" truecount="1" falsecount="1"/>
        <line num="61" count="609" type="stmt"/>
        <line num="62" count="609" type="stmt"/>
        <line num="66" count="145" type="cond" truecount="2" falsecount="0"/>
        <line num="67" count="42" type="stmt"/>
        <line num="72" count="41" type="stmt"/>
        <line num="73" count="41" type="cond" truecount="1" falsecount="1"/>
        <line num="74" count="0" type="stmt"/>
        <line num="77" count="41" type="stmt"/>
        <line num="78" count="690" type="cond" truecount="2" falsecount="0"/>
        <line num="79" count="561" type="stmt"/>
        <line num="81" count="129" type="stmt"/>
        <line num="87" count="561" type="stmt"/>
        <line num="88" count="3201" type="stmt"/>
        <line num="93" count="129" type="cond" truecount="2" falsecount="0"/>
        <line num="94" count="26" type="stmt"/>
        <line num="95" count="114" type="stmt"/>
        <line num="101" count="3" type="stmt"/>
        <line num="102" count="3" type="cond" truecount="1" falsecount="1"/>
        <line num="103" count="3" type="stmt"/>
        <line num="104" count="36" type="stmt"/>
        <line num="105" count="360" type="cond" truecount="2" falsecount="0"/>
        <line num="106" count="11" type="stmt"/>
        <line num="112" count="3" type="stmt"/>
        <line num="116" count="51" type="cond" truecount="2" falsecount="0"/>
        <line num="117" count="49" type="stmt"/>
        <line num="122" count="6" type="cond" truecount="2" falsecount="0"/>
        <line num="123" count="4" type="stmt"/>
        <line num="128" count="43" type="stmt"/>
        <line num="130" count="43" type="cond" truecount="1" falsecount="1"/>
        <line num="131" count="43" type="stmt"/>
        <line num="132" count="836" type="stmt"/>
        <line num="135" count="43" type="stmt"/>
        <line num="139" count="43" type="cond" truecount="1" falsecount="1"/>
        <line num="143" count="1" type="stmt"/>
        <line num="144" count="1" type="stmt"/>
        <line num="145" count="1" type="stmt"/>
        <line num="149" count="0" type="stmt"/>
        <line num="150" count="0" type="stmt"/>
        <line num="151" count="0" type="stmt"/>
        <line num="157" count="1" type="stmt"/>
        <line num="158" count="1" type="cond" truecount="1" falsecount="1"/>
        <line num="159" count="0" type="stmt"/>
        <line num="162" count="1" type="stmt"/>
        <line num="163" count="1" type="cond" truecount="1" falsecount="1"/>
        <line num="164" count="0" type="stmt"/>
        <line num="167" count="1" type="stmt"/>
        <line num="168" count="1" type="stmt"/>
        <line num="169" count="20" type="stmt"/>
        <line num="170" count="380" type="stmt"/>
        <line num="174" count="1" type="stmt"/>
        <line num="178" count="2" type="stmt"/>
        <line num="179" count="2" type="stmt"/>
        <line num="180" count="2" type="stmt"/>
        <line num="184" count="57" type="cond" truecount="2" falsecount="0"/>
        <line num="188" count="100" type="cond" truecount="2" falsecount="0"/>
        <line num="192" count="96" type="cond" truecount="2" falsecount="0"/>
      </file>
    </package>
    <package name="model.Hints">
      <metrics statements="26" coveredstatements="12" conditionals="4" coveredconditionals="0" methods="7" coveredmethods="4"/>
      <file name="HintsManager.ts" path="C:\Users\aife\IdeaProjects\picross\src\model\Hints\HintsManager.ts">
        <metrics statements="26" coveredstatements="12" conditionals="4" coveredconditionals="0" methods="7" coveredmethods="4"/>
        <line num="3" count="1" type="stmt"/>
        <line num="13" count="61" type="stmt"/>
        <line num="17" count="61" type="stmt"/>
        <line num="25" count="2" type="stmt"/>
        <line num="26" count="2" type="stmt"/>
        <line num="27" count="2" type="stmt"/>
        <line num="31" count="0" type="stmt"/>
        <line num="33" count="0" type="stmt"/>
        <line num="34" count="0" type="cond" truecount="0" falsecount="2"/>
        <line num="35" count="0" type="stmt"/>
        <line num="36" count="0" type="stmt"/>
        <line num="40" count="0" type="stmt"/>
        <line num="41" count="0" type="cond" truecount="0" falsecount="2"/>
        <line num="42" count="0" type="stmt"/>
        <line num="43" count="0" type="stmt"/>
        <line num="47" count="0" type="stmt"/>
        <line num="51" count="0" type="stmt"/>
        <line num="52" count="0" type="stmt"/>
        <line num="56" count="2" type="stmt"/>
        <line num="57" count="2" type="stmt"/>
        <line num="58" count="2" type="stmt"/>
        <line num="59" count="40" type="stmt"/>
        <line num="61" count="2" type="stmt"/>
        <line num="62" count="40" type="stmt"/>
        <line num="67" count="0" type="stmt"/>
        <line num="68" count="0" type="stmt"/>
      </file>
    </package>
    <package name="model.Square">
      <metrics statements="4" coveredstatements="4" conditionals="2" coveredconditionals="2" methods="1" coveredmethods="1"/>
      <file name="SquareState.ts" path="C:\Users\aife\IdeaProjects\picross\src\model\Square\SquareState.ts">
        <metrics statements="4" coveredstatements="4" conditionals="2" coveredconditionals="2" methods="1" coveredmethods="1"/>
        <line num="1" count="3" type="cond" truecount="2" falsecount="0"/>
        <line num="2" count="3" type="stmt"/>
        <line num="3" count="3" type="stmt"/>
        <line num="4" count="3" type="stmt"/>
      </file>
    </package>
  </project>
</coverage>
