{"C:\\Users\\aife\\IdeaProjects\\picross\\src\\components\\Picross\\Hints\\Hints.model.ts": {"path":"C:\\Users\\aife\\IdeaProjects\\picross\\src\\components\\Picross\\Hints\\Hints.model.ts","statementMap":{"0":{"start":{"line":2,"column":0},"end":{"line":2,"column":null}},"1":{"start":{"line":19,"column":4},"end":{"line":19,"column":9}},"2":{"start":{"line":20,"column":4},"end":{"line":20,"column":9}},"3":{"start":{"line":9,"column":4},"end":{"line":9,"column":11}},"4":{"start":{"line":15,"column":4},"end":{"line":15,"column":11}},"5":{"start":{"line":24,"column":22},"end":{"line":24,"column":27}},"6":{"start":{"line":25,"column":4},"end":{"line":27,"column":null}},"7":{"start":{"line":25,"column":17},"end":{"line":25,"column":20}},"8":{"start":{"line":26,"column":6},"end":{"line":26,"column":11}},"9":{"start":{"line":29,"column":4},"end":{"line":33,"column":null}},"10":{"start":{"line":30,"column":6},"end":{"line":30,"column":11}},"11":{"start":{"line":32,"column":6},"end":{"line":32,"column":11}},"12":{"start":{"line":37,"column":4},"end":{"line":42,"column":null}},"13":{"start":{"line":38,"column":6},"end":{"line":41,"column":null}},"14":{"start":{"line":39,"column":8},"end":{"line":39,"column":13}},"15":{"start":{"line":40,"column":8},"end":{"line":40,"column":null}},"16":{"start":{"line":43,"column":4},"end":{"line":43,"column":9}},"17":{"start":{"line":47,"column":18},"end":{"line":47,"column":null}},"18":{"start":{"line":48,"column":20},"end":{"line":48,"column":null}},"19":{"start":{"line":49,"column":15},"end":{"line":49,"column":null}},"20":{"start":{"line":51,"column":4},"end":{"line":61,"column":null}},"21":{"start":{"line":52,"column":6},"end":{"line":60,"column":null}},"22":{"start":{"line":53,"column":8},"end":{"line":53,"column":17}},"23":{"start":{"line":54,"column":8},"end":{"line":54,"column":null}},"24":{"start":{"line":56,"column":8},"end":{"line":59,"column":null}},"25":{"start":{"line":57,"column":10},"end":{"line":57,"column":15}},"26":{"start":{"line":58,"column":10},"end":{"line":58,"column":14}},"27":{"start":{"line":62,"column":4},"end":{"line":64,"column":null}},"28":{"start":{"line":63,"column":6},"end":{"line":63,"column":11}},"29":{"start":{"line":66,"column":4},"end":{"line":66,"column":11}}},"fnMap":{"0":{"name":"(anonymous_0)","decl":{"start":{"line":18,"column":2},"end":{"line":18,"column":14}},"loc":{"start":{"line":18,"column":35},"end":{"line":21,"column":null}}},"1":{"name":"(anonymous_1)","decl":{"start":{"line":8,"column":2},"end":{"line":8,"column":6}},"loc":{"start":{"line":8,"column":11},"end":{"line":10,"column":null}}},"2":{"name":"(anonymous_2)","decl":{"start":{"line":14,"column":2},"end":{"line":14,"column":6}},"loc":{"start":{"line":14,"column":11},"end":{"line":16,"column":null}}},"3":{"name":"(anonymous_3)","decl":{"start":{"line":23,"column":9},"end":{"line":23,"column":15}},"loc":{"start":{"line":23,"column":35},"end":{"line":34,"column":null}}},"4":{"name":"(anonymous_4)","decl":{"start":{"line":36,"column":10},"end":{"line":36,"column":23}},"loc":{"start":{"line":36,"column":23},"end":{"line":44,"column":null}}},"5":{"name":"(anonymous_5)","decl":{"start":{"line":46,"column":10},"end":{"line":46,"column":25}},"loc":{"start":{"line":46,"column":45},"end":{"line":67,"column":null}}}},"branchMap":{"0":{"loc":{"start":{"line":26,"column":29},"end":{"line":26,"column":68}},"type":"binary-expr","locations":[{"start":{"line":26,"column":29},"end":{"line":26,"column":68}},{"start":{"line":26,"column":68},"end":{"line":26,"column":null}}]},"1":{"loc":{"start":{"line":29,"column":4},"end":{"line":33,"column":null}},"type":"if","locations":[{"start":{"line":29,"column":4},"end":{"line":33,"column":null}},{"start":{"line":29,"column":4},"end":{"line":33,"column":null}}]},"2":{"loc":{"start":{"line":38,"column":6},"end":{"line":41,"column":null}},"type":"if","locations":[{"start":{"line":38,"column":6},"end":{"line":41,"column":null}},{"start":{"line":38,"column":6},"end":{"line":41,"column":null}}]},"3":{"loc":{"start":{"line":52,"column":6},"end":{"line":60,"column":null}},"type":"if","locations":[{"start":{"line":52,"column":6},"end":{"line":60,"column":null}},{"start":{"line":52,"column":6},"end":{"line":60,"column":null}}]},"4":{"loc":{"start":{"line":56,"column":8},"end":{"line":59,"column":null}},"type":"if","locations":[{"start":{"line":56,"column":8},"end":{"line":59,"column":null}},{"start":{"line":56,"column":8},"end":{"line":59,"column":null}}]},"5":{"loc":{"start":{"line":62,"column":4},"end":{"line":64,"column":null}},"type":"if","locations":[{"start":{"line":62,"column":4},"end":{"line":64,"column":null}},{"start":{"line":62,"column":4},"end":{"line":64,"column":null}}]}},"s":{"0":1,"1":80,"2":80,"3":120,"4":0,"5":0,"6":0,"7":0,"8":0,"9":0,"10":0,"11":0,"12":0,"13":0,"14":0,"15":0,"16":0,"17":80,"18":80,"19":80,"20":80,"21":1600,"22":80,"23":80,"24":1520,"25":76,"26":76,"27":80,"28":4,"29":80},"f":{"0":80,"1":120,"2":0,"3":0,"4":0,"5":80},"b":{"0":[0,0],"1":[0,0],"2":[0,0],"3":[80,1520],"4":[76,1444],"5":[4,76]}}
,"C:\\Users\\aife\\IdeaProjects\\picross\\src\\model\\Game\\GameGrid.model.ts": {"path":"C:\\Users\\aife\\IdeaProjects\\picross\\src\\model\\Game\\GameGrid.model.ts","statementMap":{"0":{"start":{"line":1,"column":0},"end":{"line":1,"column":null}},"1":{"start":{"line":2,"column":0},"end":{"line":2,"column":null}},"2":{"start":{"line":7,"column":4},"end":{"line":7,"column":10}},"3":{"start":{"line":11,"column":23},"end":{"line":11,"column":27}},"4":{"start":{"line":12,"column":23},"end":{"line":12,"column":null}},"5":{"start":{"line":14,"column":4},"end":{"line":19,"column":null}},"6":{"start":{"line":14,"column":19},"end":{"line":14,"column":22}},"7":{"start":{"line":15,"column":6},"end":{"line":15,"column":16}},"8":{"start":{"line":16,"column":6},"end":{"line":18,"column":null}},"9":{"start":{"line":17,"column":8},"end":{"line":17,"column":18}},"10":{"start":{"line":21,"column":4},"end":{"line":21,"column":11}},"11":{"start":{"line":25,"column":24},"end":{"line":25,"column":null}},"12":{"start":{"line":26,"column":4},"end":{"line":31,"column":null}},"13":{"start":{"line":26,"column":19},"end":{"line":26,"column":22}},"14":{"start":{"line":27,"column":6},"end":{"line":27,"column":17}},"15":{"start":{"line":28,"column":6},"end":{"line":30,"column":null}},"16":{"start":{"line":29,"column":8},"end":{"line":29,"column":19}},"17":{"start":{"line":33,"column":4},"end":{"line":33,"column":11}},"18":{"start":{"line":37,"column":4},"end":{"line":37,"column":9}}},"fnMap":{"0":{"name":"(anonymous_0)","decl":{"start":{"line":6,"column":2},"end":{"line":6,"column":null}},"loc":{"start":{"line":6,"column":2},"end":{"line":8,"column":null}}},"1":{"name":"(anonymous_1)","decl":{"start":{"line":10,"column":9},"end":{"line":10,"column":25}},"loc":{"start":{"line":10,"column":42},"end":{"line":22,"column":null}}},"2":{"name":"(anonymous_2)","decl":{"start":{"line":24,"column":9},"end":{"line":24,"column":15}},"loc":{"start":{"line":24,"column":15},"end":{"line":34,"column":null}}},"3":{"name":"(anonymous_3)","decl":{"start":{"line":36,"column":9},"end":{"line":36,"column":20}},"loc":{"start":{"line":36,"column":20},"end":{"line":38,"column":null}}}},"branchMap":{"0":{"loc":{"start":{"line":17,"column":50},"end":{"line":17,"column":70}},"type":"cond-expr","locations":[{"start":{"line":17,"column":50},"end":{"line":17,"column":70}},{"start":{"line":17,"column":70},"end":{"line":17,"column":null}}]},"1":{"loc":{"start":{"line":29,"column":60},"end":{"line":29,"column":64}},"type":"cond-expr","locations":[{"start":{"line":29,"column":60},"end":{"line":29,"column":64}},{"start":{"line":29,"column":64},"end":{"line":29,"column":null}}]}},"s":{"0":2,"1":2,"2":3,"3":1,"4":1,"5":1,"6":1,"7":20,"8":20,"9":380,"10":1,"11":1,"12":1,"13":1,"14":20,"15":20,"16":380,"17":1,"18":0},"f":{"0":3,"1":1,"2":1,"3":0},"b":{"0":[10,370],"1":[10,370]}}
,"C:\\Users\\aife\\IdeaProjects\\picross\\src\\model\\Game\\Grid.ts": {"path":"C:\\Users\\aife\\IdeaProjects\\picross\\src\\model\\Game\\Grid.ts","statementMap":{"0":{"start":{"line":2,"column":0},"end":{"line":2,"column":null}},"1":{"start":{"line":3,"column":0},"end":{"line":3,"column":null}},"2":{"start":{"line":5,"column":0},"end":{"line":5,"column":12}},"3":{"start":{"line":6,"column":2},"end":{"line":6,"column":null}},"4":{"start":{"line":7,"column":2},"end":{"line":7,"column":null}},"5":{"start":{"line":19,"column":4},"end":{"line":19,"column":9}},"6":{"start":{"line":20,"column":4},"end":{"line":20,"column":9}},"7":{"start":{"line":21,"column":4},"end":{"line":21,"column":9}},"8":{"start":{"line":15,"column":4},"end":{"line":15,"column":11}},"9":{"start":{"line":25,"column":4},"end":{"line":25,"column":11}},"10":{"start":{"line":29,"column":4},"end":{"line":29,"column":11}},"11":{"start":{"line":33,"column":4},"end":{"line":39,"column":null}},"12":{"start":{"line":34,"column":6},"end":{"line":34,"column":13}},"13":{"start":{"line":35,"column":11},"end":{"line":39,"column":null}},"14":{"start":{"line":36,"column":6},"end":{"line":36,"column":13}},"15":{"start":{"line":38,"column":6},"end":{"line":38,"column":12}},"16":{"start":{"line":43,"column":4},"end":{"line":43,"column":9}},"17":{"start":{"line":44,"column":4},"end":{"line":44,"column":9}},"18":{"start":{"line":48,"column":23},"end":{"line":48,"column":null}},"19":{"start":{"line":50,"column":4},"end":{"line":56,"column":null}},"20":{"start":{"line":50,"column":17},"end":{"line":50,"column":20}},"21":{"start":{"line":51,"column":6},"end":{"line":55,"column":null}},"22":{"start":{"line":52,"column":8},"end":{"line":52,"column":13}},"23":{"start":{"line":54,"column":8},"end":{"line":54,"column":13}},"24":{"start":{"line":60,"column":16},"end":{"line":60,"column":64}},"25":{"start":{"line":61,"column":4},"end":{"line":61,"column":7}},"26":{"start":{"line":62,"column":4},"end":{"line":62,"column":9}},"27":{"start":{"line":66,"column":4},"end":{"line":68,"column":null}},"28":{"start":{"line":67,"column":6},"end":{"line":67,"column":11}},"29":{"start":{"line":72,"column":23},"end":{"line":72,"column":null}},"30":{"start":{"line":73,"column":4},"end":{"line":75,"column":null}},"31":{"start":{"line":74,"column":6},"end":{"line":74,"column":11}},"32":{"start":{"line":77,"column":4},"end":{"line":83,"column":null}},"33":{"start":{"line":77,"column":17},"end":{"line":77,"column":20}},"34":{"start":{"line":78,"column":6},"end":{"line":82,"column":null}},"35":{"start":{"line":79,"column":8},"end":{"line":79,"column":13}},"36":{"start":{"line":81,"column":8},"end":{"line":81,"column":13}},"37":{"start":{"line":87,"column":4},"end":{"line":89,"column":null}},"38":{"start":{"line":87,"column":19},"end":{"line":87,"column":22}},"39":{"start":{"line":88,"column":6},"end":{"line":88,"column":11}},"40":{"start":{"line":93,"column":4},"end":{"line":97,"column":null}},"41":{"start":{"line":94,"column":6},"end":{"line":96,"column":null}},"42":{"start":{"line":94,"column":21},"end":{"line":94,"column":24}},"43":{"start":{"line":95,"column":8},"end":{"line":95,"column":13}},"44":{"start":{"line":101,"column":18},"end":{"line":101,"column":null}},"45":{"start":{"line":102,"column":4},"end":{"line":110,"column":null}},"46":{"start":{"line":103,"column":6},"end":{"line":109,"column":null}},"47":{"start":{"line":104,"column":8},"end":{"line":108,"column":null}},"48":{"start":{"line":105,"column":10},"end":{"line":107,"column":null}},"49":{"start":{"line":106,"column":12},"end":{"line":106,"column":null}},"50":{"start":{"line":112,"column":4},"end":{"line":112,"column":11}},"51":{"start":{"line":116,"column":4},"end":{"line":118,"column":null}},"52":{"start":{"line":117,"column":6},"end":{"line":117,"column":10}},"53":{"start":{"line":122,"column":4},"end":{"line":124,"column":null}},"54":{"start":{"line":123,"column":6},"end":{"line":123,"column":13}},"55":{"start":{"line":128,"column":23},"end":{"line":128,"column":null}},"56":{"start":{"line":130,"column":4},"end":{"line":134,"column":null}},"57":{"start":{"line":131,"column":6},"end":{"line":133,"column":null}},"58":{"start":{"line":132,"column":8},"end":{"line":132,"column":18}},"59":{"start":{"line":135,"column":4},"end":{"line":135,"column":11}},"60":{"start":{"line":139,"column":4},"end":{"line":139,"column":11}},"61":{"start":{"line":143,"column":4},"end":{"line":143,"column":9}},"62":{"start":{"line":144,"column":4},"end":{"line":144,"column":9}},"63":{"start":{"line":145,"column":4},"end":{"line":145,"column":9}},"64":{"start":{"line":149,"column":4},"end":{"line":153,"column":null}},"65":{"start":{"line":149,"column":19},"end":{"line":149,"column":22}},"66":{"start":{"line":150,"column":6},"end":{"line":152,"column":null}},"67":{"start":{"line":150,"column":21},"end":{"line":150,"column":24}},"68":{"start":{"line":151,"column":8},"end":{"line":151,"column":13}},"69":{"start":{"line":157,"column":17},"end":{"line":157,"column":null}},"70":{"start":{"line":158,"column":4},"end":{"line":160,"column":null}},"71":{"start":{"line":159,"column":6},"end":{"line":159,"column":13}},"72":{"start":{"line":162,"column":17},"end":{"line":162,"column":null}},"73":{"start":{"line":163,"column":4},"end":{"line":165,"column":null}},"74":{"start":{"line":164,"column":6},"end":{"line":164,"column":13}},"75":{"start":{"line":167,"column":4},"end":{"line":167,"column":9}},"76":{"start":{"line":168,"column":4},"end":{"line":172,"column":null}},"77":{"start":{"line":168,"column":19},"end":{"line":168,"column":22}},"78":{"start":{"line":169,"column":6},"end":{"line":171,"column":null}},"79":{"start":{"line":169,"column":21},"end":{"line":169,"column":24}},"80":{"start":{"line":170,"column":8},"end":{"line":170,"column":13}},"81":{"start":{"line":174,"column":4},"end":{"line":174,"column":11}},"82":{"start":{"line":178,"column":4},"end":{"line":178,"column":9}},"83":{"start":{"line":179,"column":4},"end":{"line":179,"column":9}},"84":{"start":{"line":180,"column":4},"end":{"line":180,"column":9}},"85":{"start":{"line":184,"column":4},"end":{"line":184,"column":11}},"86":{"start":{"line":188,"column":4},"end":{"line":188,"column":11}},"87":{"start":{"line":192,"column":4},"end":{"line":192,"column":11}}},"fnMap":{"0":{"name":"(anonymous_0)","decl":{"start":{"line":5,"column":0},"end":{"line":5,"column":12}},"loc":{"start":{"line":5,"column":20},"end":{"line":8,"column":null}}},"1":{"name":"(anonymous_1)","decl":{"start":{"line":18,"column":2},"end":{"line":18,"column":14}},"loc":{"start":{"line":18,"column":57},"end":{"line":22,"column":null}}},"2":{"name":"(anonymous_2)","decl":{"start":{"line":14,"column":2},"end":{"line":14,"column":6}},"loc":{"start":{"line":14,"column":13},"end":{"line":16,"column":null}}},"3":{"name":"(anonymous_3)","decl":{"start":{"line":24,"column":2},"end":{"line":24,"column":6}},"loc":{"start":{"line":24,"column":10},"end":{"line":26,"column":null}}},"4":{"name":"(anonymous_4)","decl":{"start":{"line":28,"column":2},"end":{"line":28,"column":6}},"loc":{"start":{"line":28,"column":10},"end":{"line":30,"column":null}}},"5":{"name":"(anonymous_5)","decl":{"start":{"line":32,"column":9},"end":{"line":32,"column":24}},"loc":{"start":{"line":32,"column":43},"end":{"line":40,"column":null}}},"6":{"name":"(anonymous_6)","decl":{"start":{"line":42,"column":9},"end":{"line":42,"column":16}},"loc":{"start":{"line":42,"column":52},"end":{"line":45,"column":null}}},"7":{"name":"(anonymous_7)","decl":{"start":{"line":47,"column":9},"end":{"line":47,"column":16}},"loc":{"start":{"line":47,"column":38},"end":{"line":57,"column":null}}},"8":{"name":"(anonymous_8)","decl":{"start":{"line":59,"column":9},"end":{"line":59,"column":15}},"loc":{"start":{"line":59,"column":24},"end":{"line":63,"column":null}}},"9":{"name":"(anonymous_9)","decl":{"start":{"line":65,"column":9},"end":{"line":65,"column":18}},"loc":{"start":{"line":65,"column":18},"end":{"line":69,"column":null}}},"10":{"name":"(anonymous_10)","decl":{"start":{"line":71,"column":9},"end":{"line":71,"column":16}},"loc":{"start":{"line":71,"column":38},"end":{"line":84,"column":null}}},"11":{"name":"(anonymous_11)","decl":{"start":{"line":86,"column":9},"end":{"line":86,"column":15}},"loc":{"start":{"line":86,"column":24},"end":{"line":90,"column":null}}},"12":{"name":"(anonymous_12)","decl":{"start":{"line":92,"column":9},"end":{"line":92,"column":18}},"loc":{"start":{"line":92,"column":18},"end":{"line":98,"column":null}}},"13":{"name":"(anonymous_13)","decl":{"start":{"line":100,"column":9},"end":{"line":100,"column":19}},"loc":{"start":{"line":100,"column":28},"end":{"line":113,"column":null}}},"14":{"name":"(anonymous_14)","decl":{"start":{"line":115,"column":9},"end":{"line":115,"column":17}},"loc":{"start":{"line":115,"column":51},"end":{"line":119,"column":null}}},"15":{"name":"(anonymous_15)","decl":{"start":{"line":121,"column":9},"end":{"line":121,"column":17}},"loc":{"start":{"line":121,"column":41},"end":{"line":125,"column":null}}},"16":{"name":"(anonymous_16)","decl":{"start":{"line":127,"column":9},"end":{"line":127,"column":18}},"loc":{"start":{"line":127,"column":30},"end":{"line":136,"column":null}}},"17":{"name":"(anonymous_17)","decl":{"start":{"line":138,"column":9},"end":{"line":138,"column":15}},"loc":{"start":{"line":138,"column":27},"end":{"line":140,"column":null}}},"18":{"name":"(anonymous_18)","decl":{"start":{"line":142,"column":9},"end":{"line":142,"column":15}},"loc":{"start":{"line":142,"column":52},"end":{"line":146,"column":null}}},"19":{"name":"(anonymous_19)","decl":{"start":{"line":148,"column":9},"end":{"line":148,"column":19}},"loc":{"start":{"line":148,"column":33},"end":{"line":154,"column":null}}},"20":{"name":"(anonymous_20)","decl":{"start":{"line":156,"column":12},"end":{"line":156,"column":18}},"loc":{"start":{"line":156,"column":30},"end":{"line":175,"column":null}}},"21":{"name":"(anonymous_21)","decl":{"start":{"line":177,"column":12},"end":{"line":177,"column":17}},"loc":{"start":{"line":177,"column":26},"end":{"line":181,"column":null}}},"22":{"name":"(anonymous_22)","decl":{"start":{"line":183,"column":10},"end":{"line":183,"column":25}},"loc":{"start":{"line":183,"column":49},"end":{"line":185,"column":null}}},"23":{"name":"(anonymous_23)","decl":{"start":{"line":187,"column":10},"end":{"line":187,"column":20}},"loc":{"start":{"line":187,"column":32},"end":{"line":189,"column":null}}},"24":{"name":"(anonymous_24)","decl":{"start":{"line":191,"column":10},"end":{"line":191,"column":20}},"loc":{"start":{"line":191,"column":32},"end":{"line":193,"column":null}}}},"branchMap":{"0":{"loc":{"start":{"line":5,"column":12},"end":{"line":5,"column":20}},"type":"binary-expr","locations":[{"start":{"line":5,"column":12},"end":{"line":5,"column":20}},{"start":{"line":5,"column":20},"end":{"line":5,"column":null}}]},"1":{"loc":{"start":{"line":18,"column":38},"end":{"line":18,"column":41}},"type":"default-arg","locations":[{"start":{"line":18,"column":38},"end":{"line":18,"column":41}}]},"2":{"loc":{"start":{"line":18,"column":56},"end":{"line":18,"column":57}},"type":"default-arg","locations":[{"start":{"line":18,"column":56},"end":{"line":18,"column":57}}]},"3":{"loc":{"start":{"line":25,"column":38},"end":{"line":25,"column":64}},"type":"cond-expr","locations":[{"start":{"line":25,"column":38},"end":{"line":25,"column":64}},{"start":{"line":25,"column":64},"end":{"line":25,"column":null}}]},"4":{"loc":{"start":{"line":33,"column":4},"end":{"line":39,"column":null}},"type":"if","locations":[{"start":{"line":33,"column":4},"end":{"line":39,"column":null}},{"start":{"line":33,"column":4},"end":{"line":39,"column":null}}]},"5":{"loc":{"start":{"line":35,"column":11},"end":{"line":39,"column":null}},"type":"if","locations":[{"start":{"line":35,"column":11},"end":{"line":39,"column":null}},{"start":{"line":35,"column":11},"end":{"line":39,"column":null}}]},"6":{"loc":{"start":{"line":51,"column":6},"end":{"line":55,"column":null}},"type":"if","locations":[{"start":{"line":51,"column":6},"end":{"line":55,"column":null}},{"start":{"line":51,"column":6},"end":{"line":55,"column":null}}]},"7":{"loc":{"start":{"line":60,"column":35},"end":{"line":60,"column":36}},"type":"cond-expr","locations":[{"start":{"line":60,"column":35},"end":{"line":60,"column":36}},{"start":{"line":60,"column":63},"end":{"line":60,"column":64}}]},"8":{"loc":{"start":{"line":66,"column":4},"end":{"line":68,"column":null}},"type":"if","locations":[{"start":{"line":66,"column":4},"end":{"line":68,"column":null}},{"start":{"line":66,"column":4},"end":{"line":68,"column":null}}]},"9":{"loc":{"start":{"line":73,"column":4},"end":{"line":75,"column":null}},"type":"if","locations":[{"start":{"line":73,"column":4},"end":{"line":75,"column":null}},{"start":{"line":73,"column":4},"end":{"line":75,"column":null}}]},"10":{"loc":{"start":{"line":78,"column":6},"end":{"line":82,"column":null}},"type":"if","locations":[{"start":{"line":78,"column":6},"end":{"line":82,"column":null}},{"start":{"line":78,"column":6},"end":{"line":82,"column":null}}]},"11":{"loc":{"start":{"line":93,"column":4},"end":{"line":97,"column":null}},"type":"if","locations":[{"start":{"line":93,"column":4},"end":{"line":97,"column":null}},{"start":{"line":93,"column":4},"end":{"line":97,"column":null}}]},"12":{"loc":{"start":{"line":102,"column":4},"end":{"line":110,"column":null}},"type":"if","locations":[{"start":{"line":102,"column":4},"end":{"line":110,"column":null}},{"start":{"line":102,"column":4},"end":{"line":110,"column":null}}]},"13":{"loc":{"start":{"line":105,"column":10},"end":{"line":107,"column":null}},"type":"if","locations":[{"start":{"line":105,"column":10},"end":{"line":107,"column":null}},{"start":{"line":105,"column":10},"end":{"line":107,"column":null}}]},"14":{"loc":{"start":{"line":116,"column":4},"end":{"line":118,"column":null}},"type":"if","locations":[{"start":{"line":116,"column":4},"end":{"line":118,"column":null}},{"start":{"line":116,"column":4},"end":{"line":118,"column":null}}]},"15":{"loc":{"start":{"line":122,"column":4},"end":{"line":124,"column":null}},"type":"if","locations":[{"start":{"line":122,"column":4},"end":{"line":124,"column":null}},{"start":{"line":122,"column":4},"end":{"line":124,"column":null}}]},"16":{"loc":{"start":{"line":130,"column":4},"end":{"line":134,"column":null}},"type":"if","locations":[{"start":{"line":130,"column":4},"end":{"line":134,"column":null}},{"start":{"line":130,"column":4},"end":{"line":134,"column":null}}]},"17":{"loc":{"start":{"line":139,"column":34},"end":{"line":139,"column":35}},"type":"cond-expr","locations":[{"start":{"line":139,"column":34},"end":{"line":139,"column":35}},{"start":{"line":139,"column":68},"end":{"line":139,"column":null}}]},"18":{"loc":{"start":{"line":158,"column":4},"end":{"line":160,"column":null}},"type":"if","locations":[{"start":{"line":158,"column":4},"end":{"line":160,"column":null}},{"start":{"line":158,"column":4},"end":{"line":160,"column":null}}]},"19":{"loc":{"start":{"line":163,"column":4},"end":{"line":165,"column":null}},"type":"if","locations":[{"start":{"line":163,"column":4},"end":{"line":165,"column":null}},{"start":{"line":163,"column":4},"end":{"line":165,"column":null}}]},"20":{"loc":{"start":{"line":184,"column":11},"end":{"line":184,"column":16}},"type":"binary-expr","locations":[{"start":{"line":184,"column":11},"end":{"line":184,"column":16}},{"start":{"line":184,"column":44},"end":{"line":184,"column":49}}]},"21":{"loc":{"start":{"line":188,"column":11},"end":{"line":188,"column":23}},"type":"binary-expr","locations":[{"start":{"line":188,"column":11},"end":{"line":188,"column":23}},{"start":{"line":188,"column":23},"end":{"line":188,"column":null}}]},"22":{"loc":{"start":{"line":192,"column":11},"end":{"line":192,"column":23}},"type":"binary-expr","locations":[{"start":{"line":192,"column":11},"end":{"line":192,"column":23}},{"start":{"line":192,"column":23},"end":{"line":192,"column":null}}]}},"s":{"0":3,"1":3,"2":3,"3":3,"4":3,"5":32,"6":32,"7":32,"8":20,"9":320,"10":4298,"11":2,"12":1,"13":1,"14":1,"15":0,"16":36,"17":36,"18":41,"19":41,"20":41,"21":754,"22":609,"23":145,"24":609,"25":609,"26":609,"27":145,"28":42,"29":41,"30":41,"31":0,"32":41,"33":41,"34":690,"35":561,"36":129,"37":561,"38":561,"39":3201,"40":129,"41":26,"42":26,"43":114,"44":3,"45":3,"46":3,"47":36,"48":360,"49":11,"50":3,"51":51,"52":49,"53":6,"54":4,"55":43,"56":43,"57":43,"58":836,"59":43,"60":43,"61":1,"62":1,"63":1,"64":0,"65":0,"66":0,"67":0,"68":0,"69":1,"70":1,"71":0,"72":1,"73":1,"74":0,"75":1,"76":1,"77":1,"78":20,"79":20,"80":380,"81":1,"82":2,"83":2,"84":2,"85":57,"86":100,"87":96},"f":{"0":3,"1":32,"2":20,"3":320,"4":4298,"5":2,"6":36,"7":41,"8":609,"9":145,"10":41,"11":561,"12":129,"13":3,"14":51,"15":6,"16":43,"17":43,"18":1,"19":0,"20":1,"21":2,"22":57,"23":100,"24":96},"b":{"0":[3,3],"1":[4],"2":[4],"3":[320,0],"4":[1,1],"5":[1,0],"6":[609,145],"7":[609,0],"8":[42,103],"9":[0,41],"10":[561,129],"11":[26,103],"12":[3,0],"13":[11,349],"14":[49,2],"15":[4,2],"16":[43,0],"17":[43,0],"18":[0,1],"19":[0,1],"20":[57,53],"21":[100,98],"22":[96,96]}}
,"C:\\Users\\aife\\IdeaProjects\\picross\\src\\model\\Hints\\HintsManager.ts": {"path":"C:\\Users\\aife\\IdeaProjects\\picross\\src\\model\\Hints\\HintsManager.ts","statementMap":{"0":{"start":{"line":3,"column":0},"end":{"line":3,"column":null}},"1":{"start":{"line":25,"column":4},"end":{"line":25,"column":9}},"2":{"start":{"line":26,"column":4},"end":{"line":26,"column":9}},"3":{"start":{"line":27,"column":4},"end":{"line":27,"column":9}},"4":{"start":{"line":13,"column":4},"end":{"line":13,"column":11}},"5":{"start":{"line":17,"column":4},"end":{"line":17,"column":11}},"6":{"start":{"line":31,"column":16},"end":{"line":31,"column":null}},"7":{"start":{"line":33,"column":4},"end":{"line":38,"column":null}},"8":{"start":{"line":34,"column":6},"end":{"line":37,"column":null}},"9":{"start":{"line":35,"column":8},"end":{"line":35,"column":13}},"10":{"start":{"line":36,"column":8},"end":{"line":36,"column":null}},"11":{"start":{"line":40,"column":4},"end":{"line":45,"column":null}},"12":{"start":{"line":41,"column":6},"end":{"line":44,"column":null}},"13":{"start":{"line":42,"column":8},"end":{"line":42,"column":13}},"14":{"start":{"line":43,"column":8},"end":{"line":43,"column":null}},"15":{"start":{"line":47,"column":4},"end":{"line":47,"column":11}},"16":{"start":{"line":51,"column":4},"end":{"line":51,"column":9}},"17":{"start":{"line":52,"column":4},"end":{"line":52,"column":9}},"18":{"start":{"line":56,"column":4},"end":{"line":56,"column":9}},"19":{"start":{"line":57,"column":4},"end":{"line":57,"column":9}},"20":{"start":{"line":58,"column":4},"end":{"line":60,"column":null}},"21":{"start":{"line":58,"column":19},"end":{"line":58,"column":22}},"22":{"start":{"line":59,"column":6},"end":{"line":59,"column":11}},"23":{"start":{"line":61,"column":4},"end":{"line":63,"column":null}},"24":{"start":{"line":61,"column":19},"end":{"line":61,"column":22}},"25":{"start":{"line":62,"column":6},"end":{"line":62,"column":11}},"26":{"start":{"line":67,"column":4},"end":{"line":67,"column":9}},"27":{"start":{"line":68,"column":4},"end":{"line":68,"column":9}}},"fnMap":{"0":{"name":"(anonymous_0)","decl":{"start":{"line":24,"column":2},"end":{"line":24,"column":14}},"loc":{"start":{"line":24,"column":33},"end":{"line":28,"column":null}}},"1":{"name":"(anonymous_1)","decl":{"start":{"line":12,"column":2},"end":{"line":12,"column":6}},"loc":{"start":{"line":12,"column":14},"end":{"line":14,"column":null}}},"2":{"name":"(anonymous_2)","decl":{"start":{"line":16,"column":2},"end":{"line":16,"column":6}},"loc":{"start":{"line":16,"column":14},"end":{"line":18,"column":null}}},"3":{"name":"(anonymous_3)","decl":{"start":{"line":30,"column":9},"end":{"line":30,"column":21}},"loc":{"start":{"line":30,"column":21},"end":{"line":48,"column":null}}},"4":{"name":"(anonymous_4)","decl":{"start":{"line":50,"column":9},"end":{"line":50,"column":15}},"loc":{"start":{"line":50,"column":60},"end":{"line":53,"column":null}}},"5":{"name":"(anonymous_5)","decl":{"start":{"line":55,"column":9},"end":{"line":55,"column":13}},"loc":{"start":{"line":55,"column":33},"end":{"line":64,"column":null}}},"6":{"name":"(anonymous_6)","decl":{"start":{"line":66,"column":9},"end":{"line":66,"column":23}},"loc":{"start":{"line":66,"column":68},"end":{"line":69,"column":null}}}},"branchMap":{"0":{"loc":{"start":{"line":34,"column":6},"end":{"line":37,"column":null}},"type":"if","locations":[{"start":{"line":34,"column":6},"end":{"line":37,"column":null}},{"start":{"line":34,"column":6},"end":{"line":37,"column":null}}]},"1":{"loc":{"start":{"line":41,"column":6},"end":{"line":44,"column":null}},"type":"if","locations":[{"start":{"line":41,"column":6},"end":{"line":44,"column":null}},{"start":{"line":41,"column":6},"end":{"line":44,"column":null}}]}},"s":{"0":1,"1":2,"2":2,"3":2,"4":61,"5":61,"6":0,"7":0,"8":0,"9":0,"10":0,"11":0,"12":0,"13":0,"14":0,"15":0,"16":0,"17":0,"18":2,"19":2,"20":2,"21":2,"22":40,"23":2,"24":2,"25":40,"26":0,"27":0},"f":{"0":2,"1":61,"2":61,"3":0,"4":0,"5":2,"6":0},"b":{"0":[0,0],"1":[0,0]}}
,"C:\\Users\\aife\\IdeaProjects\\picross\\src\\model\\Square\\SquareState.ts": {"path":"C:\\Users\\aife\\IdeaProjects\\picross\\src\\model\\Square\\SquareState.ts","statementMap":{"0":{"start":{"line":1,"column":0},"end":{"line":1,"column":12}},"1":{"start":{"line":2,"column":2},"end":{"line":2,"column":null}},"2":{"start":{"line":3,"column":2},"end":{"line":3,"column":null}},"3":{"start":{"line":4,"column":2},"end":{"line":4,"column":null}}},"fnMap":{"0":{"name":"(anonymous_0)","decl":{"start":{"line":1,"column":0},"end":{"line":1,"column":12}},"loc":{"start":{"line":1,"column":23},"end":{"line":5,"column":null}}}},"branchMap":{"0":{"loc":{"start":{"line":1,"column":12},"end":{"line":1,"column":23}},"type":"binary-expr","locations":[{"start":{"line":1,"column":12},"end":{"line":1,"column":23}},{"start":{"line":1,"column":23},"end":{"line":1,"column":null}}]}},"s":{"0":3,"1":3,"2":3,"3":3},"f":{"0":3},"b":{"0":[3,3]}}
}
